<?xml version="1.0" encoding="UTF-8"?>
<!-- Generated by org.testng.reporters.JUnitReportReporter -->
<testsuite hostname="madhu" failures="0" tests="1" name="com.app.TTD.demo.TestUsernamefeature" time="0.010" errors="0" timestamp="2023-10-12T11:41:00 IST" skipped="0">
  <testcase classname="com.app.TTD.demo.TestUsernamefeature" name="UsernameTest" time="0.010"/>
  <system-out/>
</testsuite> <!-- com.app.TTD.demo.TestUsernamefeature -->
