<?xml version="1.0" encoding="UTF-8"?>
<!-- Generated by org.testng.reporters.JUnitReportReporter -->
<testsuite hostname="madhu" failures="0" tests="3" name="com.app.TTD.demo.TestPopulationSearch" time="0.018" errors="0" timestamp="2023-10-12T14:02:23 IST" skipped="0">
  <testcase classname="com.app.TTD.demo.TestPopulationSearch" name="findpopulation" time="0.016"/>
  <system-out/>
  <testcase classname="com.app.TTD.demo.TestPopulationSearch" name="findpopulationEmptyInput" time="0.001"/>
  <system-out/>
  <testcase classname="com.app.TTD.demo.TestPopulationSearch" name="findpopulationInvalidInput" time="0.001"/>
  <system-out/>
</testsuite> <!-- com.app.TTD.demo.TestPopulationSearch -->
